# JRE version: OpenJDK Runtime Environment JBR-17.0.8+7-1000.22-nomod (17.0.8+7) (build 17.0.8+7-b1000.22)
# Java VM: OpenJDK 64-Bit Server VM JBR-17.0.8+7-1000.22-nomod (17.0.8+7-b1000.22, mixed mode, tiered, compressed oops, compressed class ptrs, g1 gc, windows-amd64)
GC Precious Log:
 CPUs: 12 total, 12 available
 Memory: 8136M
 Large Page Support: Disabled
 NUMA Support: Disabled
 Compressed Oops: Enabled (32-bit)
 Heap Region Size: 1M
 Heap Min Capacity: 256M
 Heap Initial Capacity: 256M
 Heap Max Capacity: 512M
 Pre-touch: Disabled
 Parallel Workers: 10
 Concurrent Workers: 3
 Concurrent Refinement Workers: 10
 Periodic GC: Disabled
Heap:
 garbage-first heap   total 262144K, used 100733K [0x00000000e0000000, 0x0000000100000000)
  region size 1024K, 73 young (74752K), 1 survivors (1024K)
 Metaspace       used 44789K, committed 45184K, reserved 393216K
  class space    used 5899K, committed 6080K, reserved 327680K
GC Heap History (12 events):
Event: 0.460 GC heap before
{Heap before GC invocations=0 (full 0):
 garbage-first heap   total 262144K, used 26624K [0x00000000e0000000, 0x0000000100000000)
  region size 1024K, 23 young (23552K), 0 survivors (0K)
 Metaspace       used 9836K, committed 9984K, reserved 393216K
  class space    used 964K, committed 1024K, reserved 327680K
}
Event: 0.464 GC heap after
{Heap after GC invocations=1 (full 0):
 garbage-first heap   total 262144K, used 10638K [0x00000000e0000000, 0x0000000100000000)
  region size 1024K, 3 young (3072K), 3 survivors (3072K)
 Metaspace       used 9836K, committed 9984K, reserved 393216K
  class space    used 964K, committed 1024K, reserved 327680K
}
Event: 0.774 GC heap before
{Heap before GC invocations=1 (full 0):
 garbage-first heap   total 262144K, used 38286K [0x00000000e0000000, 0x0000000100000000)
  region size 1024K, 30 young (30720K), 3 survivors (3072K)
 Metaspace       used 11583K, committed 11712K, reserved 393216K
  class space    used 1213K, committed 1280K, reserved 327680K
}
Event: 0.777 GC heap after
{Heap after GC invocations=2 (full 0):
 garbage-first heap   total 262144K, used 11637K [0x00000000e0000000, 0x0000000100000000)
  region size 1024K, 1 young (1024K), 1 survivors (1024K)
 Metaspace       used 11583K, committed 11712K, reserved 393216K
  class space    used 1213K, committed 1280K, reserved 327680K
}
Event: 1.465 GC heap before
{Heap before GC invocations=2 (full 0):
 garbage-first heap   total 262144K, used 72053K [0x00000000e0000000, 0x0000000100000000)
  region size 1024K, 60 young (61440K), 1 survivors (1024K)
 Metaspace       used 21319K, committed 21504K, reserved 393216K
  class space    used 2513K, committed 2624K, reserved 327680K
}
Event: 1.470 GC heap after
{Heap after GC invocations=3 (full 0):
 garbage-first heap   total 262144K, used 19231K [0x00000000e0000000, 0x0000000100000000)
  region size 1024K, 9 young (9216K), 9 survivors (9216K)
 Metaspace       used 21319K, committed 21504K, reserved 393216K
  class space    used 2513K, committed 2624K, reserved 327680K
}
Event: 2.564 GC heap before
{Heap before GC invocations=4 (full 0):
 garbage-first heap   total 262144K, used 127775K [0x00000000e0000000, 0x0000000100000000)
  region size 1024K, 116 young (118784K), 9 survivors (9216K)
 Metaspace       used 35670K, committed 35968K, reserved 393216K
  class space    used 4904K, committed 5056K, reserved 327680K
}
Event: 2.572 GC heap after
{Heap after GC invocations=5 (full 0):
 garbage-first heap   total 262144K, used 24174K [0x00000000e0000000, 0x0000000100000000)
  region size 1024K, 14 young (14336K), 14 survivors (14336K)
 Metaspace       used 35670K, committed 35968K, reserved 393216K
  class space    used 4904K, committed 5056K, reserved 327680K
}
Event: 2.580 GC heap before
{Heap before GC invocations=5 (full 0):
 garbage-first heap   total 262144K, used 25198K [0x00000000e0000000, 0x0000000100000000)
  region size 1024K, 15 young (15360K), 14 survivors (14336K)
 Metaspace       used 35790K, committed 36096K, reserved 393216K
  class space    used 4924K, committed 5056K, reserved 327680K
}
Event: 2.589 GC heap after
{Heap after GC invocations=6 (full 0):
 garbage-first heap   total 262144K, used 24946K [0x00000000e0000000, 0x0000000100000000)
  region size 1024K, 2 young (2048K), 2 survivors (2048K)
 Metaspace       used 35790K, committed 36096K, reserved 393216K
  class space    used 4924K, committed 5056K, reserved 327680K
}
Event: 2.600 GC heap before
{Heap before GC invocations=6 (full 0):
 garbage-first heap   total 262144K, used 25970K [0x00000000e0000000, 0x0000000100000000)
  region size 1024K, 4 young (4096K), 2 survivors (2048K)
 Metaspace       used 35995K, committed 36288K, reserved 393216K
  class space    used 4950K, committed 5120K, reserved 327680K
}
Event: 2.601 GC heap after
{Heap after GC invocations=7 (full 0):
 garbage-first heap   total 262144K, used 23933K [0x00000000e0000000, 0x0000000100000000)
  region size 1024K, 1 young (1024K), 1 survivors (1024K)
 Metaspace       used 35995K, committed 36288K, reserved 393216K
  class space    used 4950K, committed 5120K, reserved 327680K
}

